Training.....
Dataset: nettalk
Q_1c
Experiment: unary
Iteration: 1, Accuracy: 0.8836446817071817
Iteration: 2, Accuracy: 0.9285886224886226
Iteration: 3, Accuracy: 0.9316684953934954
Iteration: 4, Accuracy: 0.9431459193584194
Iteration: 5, Accuracy: 0.9445716755466755
Iteration: 6, Accuracy: 0.9471566572316573
Iteration: 7, Accuracy: 0.947119511044511
Iteration: 8, Accuracy: 0.9438744685869687
Iteration: 9, Accuracy: 0.9457192557442557
Iteration: 10, Accuracy: 0.9419595349095349
Iteration: 11, Accuracy: 0.9421212856587856
Iteration: 12, Accuracy: 0.9445049936174936
Iteration: 13, Accuracy: 0.9484432775557776
Iteration: 14, Accuracy: 0.9591791694416695
Iteration: 15, Accuracy: 0.9522402874902876
Iteration: 16, Accuracy: 0.9527680902430903
Iteration: 17, Accuracy: 0.9480863511488512
Iteration: 18, Accuracy: 0.9495555999556
Iteration: 19, Accuracy: 0.9501887903762904
Iteration: 20, Accuracy: 0.9488615551115551
Experiment: unary+pairwise
Iteration: 1, Accuracy: 0.883214609002109
Iteration: 2, Accuracy: 0.9297567085692087
Iteration: 3, Accuracy: 0.9261228896103896
Iteration: 4, Accuracy: 0.9335280192030192
Iteration: 5, Accuracy: 0.941178787878788
Iteration: 6, Accuracy: 0.9378466797091798
Iteration: 7, Accuracy: 0.9487277708402708
Iteration: 8, Accuracy: 0.9374427544677544
Iteration: 9, Accuracy: 0.9432337592962593
Iteration: 10, Accuracy: 0.9372228341103341
Iteration: 11, Accuracy: 0.9405474886224887
Iteration: 12, Accuracy: 0.9318039210789211
Iteration: 13, Accuracy: 0.9420778194028194
Iteration: 14, Accuracy: 0.9380530538905539
Iteration: 15, Accuracy: 0.9420945637695638
Iteration: 16, Accuracy: 0.9431822954822956
Iteration: 17, Accuracy: 0.943884022921523
Iteration: 18, Accuracy: 0.9449916083916083
Iteration: 19, Accuracy: 0.9397959346209347
Iteration: 20, Accuracy: 0.9418910922410924
Experiment: unary+pairwise+triples
Iteration: 1, Accuracy: 0.8860610875235875
Iteration: 2, Accuracy: 0.9325190725940726
Iteration: 3, Accuracy: 0.9458631521256523
Iteration: 4, Accuracy: 0.9455061618936619
Iteration: 5, Accuracy: 0.9530737817737818
Iteration: 6, Accuracy: 0.9495032509157508
Iteration: 7, Accuracy: 0.9527362998112999
Iteration: 8, Accuracy: 0.9559582958707958
Iteration: 9, Accuracy: 0.9485734876234876
Iteration: 10, Accuracy: 0.9554391872016872
Iteration: 11, Accuracy: 0.9520912531912532
Iteration: 12, Accuracy: 0.9510150696525697
Iteration: 13, Accuracy: 0.9497507506382505
Iteration: 14, Accuracy: 0.957984391996892
Iteration: 15, Accuracy: 0.954872465034965
Iteration: 16, Accuracy: 0.961827879065379
Iteration: 17, Accuracy: 0.9564555264180264
Iteration: 18, Accuracy: 0.9573598803973804
Iteration: 19, Accuracy: 0.9541401473526473
Iteration: 20, Accuracy: 0.9642692182817183
Experiment: unary+pairwise+triples+quadruples
Iteration: 1, Accuracy: 0.8901675255300256
Iteration: 2, Accuracy: 0.9355850649350649
Iteration: 3, Accuracy: 0.9437391566766566
Iteration: 4, Accuracy: 0.9445040598290597
Iteration: 5, Accuracy: 0.9493737887112887
Iteration: 6, Accuracy: 0.9553528665778667
Iteration: 7, Accuracy: 0.9493782953157954
Iteration: 8, Accuracy: 0.9506274378399378
Iteration: 9, Accuracy: 0.950136335886336
Iteration: 10, Accuracy: 0.9496855755355755
Iteration: 11, Accuracy: 0.946734346209346
Iteration: 12, Accuracy: 0.954893020868021
Iteration: 13, Accuracy: 0.9503419067044067
Iteration: 14, Accuracy: 0.9509435703185705
Iteration: 15, Accuracy: 0.9558317002442003
Iteration: 16, Accuracy: 0.9536214327339329
Iteration: 17, Accuracy: 0.9570824092574093
Iteration: 18, Accuracy: 0.951958030858031
Iteration: 19, Accuracy: 0.9504062229437229
Iteration: 20, Accuracy: 0.9599081668331669
Q_1d
Experiment: R=1
Iteration: 1, Accuracy: 0.8790978687978689
Iteration: 2, Accuracy: 0.9230032092907092
Iteration: 3, Accuracy: 0.9313086718836718
Iteration: 4, Accuracy: 0.9380993437118437
Iteration: 5, Accuracy: 0.9370848720723721
Iteration: 6, Accuracy: 0.9349565281940281
Iteration: 7, Accuracy: 0.9448198412698413
Iteration: 8, Accuracy: 0.9396979242979244
Iteration: 9, Accuracy: 0.9320588786213787
Iteration: 10, Accuracy: 0.9454978729603729
Iteration: 11, Accuracy: 0.9395955821955823
Iteration: 12, Accuracy: 0.9487171814296814
Iteration: 13, Accuracy: 0.9403696733821735
Iteration: 14, Accuracy: 0.9436702047952049
Iteration: 15, Accuracy: 0.9459097888222888
Iteration: 16, Accuracy: 0.9450074425574426
Iteration: 17, Accuracy: 0.9474171855921857
Iteration: 18, Accuracy: 0.9491282203907203
Iteration: 19, Accuracy: 0.944400351037851
Iteration: 20, Accuracy: 0.9427341838716838
Experiment: R=5
Iteration: 1, Accuracy: 0.8878146395271396
Iteration: 2, Accuracy: 0.9241436591186591
Iteration: 3, Accuracy: 0.9296686605061605
Iteration: 4, Accuracy: 0.939657572982573
Iteration: 5, Accuracy: 0.9435031232656234
Iteration: 6, Accuracy: 0.9391031537906538
Iteration: 7, Accuracy: 0.940047809135309
Iteration: 8, Accuracy: 0.9402234307359308
Iteration: 9, Accuracy: 0.9528926073926074
Iteration: 10, Accuracy: 0.9482634865134866
Iteration: 11, Accuracy: 0.9450653943278944
Iteration: 12, Accuracy: 0.9432860361860362
Iteration: 13, Accuracy: 0.9428342157842158
Iteration: 14, Accuracy: 0.9494294178044179
Iteration: 15, Accuracy: 0.9446890234765235
Iteration: 16, Accuracy: 0.9492407245532245
Iteration: 17, Accuracy: 0.9497833721833722
Iteration: 18, Accuracy: 0.9456032023532023
Iteration: 19, Accuracy: 0.9536500152625154
Iteration: 20, Accuracy: 0.9514505952380953
Experiment: R=10
Iteration: 1, Accuracy: 0.8803740231990232
Iteration: 2, Accuracy: 0.9286881701631702
Iteration: 3, Accuracy: 0.9316219239094239
Iteration: 4, Accuracy: 0.9348809135309135
Iteration: 5, Accuracy: 0.9383908327783328
Iteration: 6, Accuracy: 0.9488026570651572
Iteration: 7, Accuracy: 0.9467736596736597
Iteration: 8, Accuracy: 0.9464847430347431
Iteration: 9, Accuracy: 0.9466173465423464
Iteration: 10, Accuracy: 0.9475643065268066
Iteration: 11, Accuracy: 0.9463084207459208
Iteration: 12, Accuracy: 0.9517137293262293
Iteration: 13, Accuracy: 0.9476187576312576
Iteration: 14, Accuracy: 0.9442455350205351
Iteration: 15, Accuracy: 0.9468962024087024
Iteration: 16, Accuracy: 0.9494593115218115
Iteration: 17, Accuracy: 0.9460787490287491
Iteration: 18, Accuracy: 0.9509144203019202
Iteration: 19, Accuracy: 0.9491680805305804
Iteration: 20, Accuracy: 0.9516223221223222
Experiment: R=20
Iteration: 1, Accuracy: 0.8923297188922188
Iteration: 2, Accuracy: 0.9222261113886113
Iteration: 3, Accuracy: 0.9395481032856033
Iteration: 4, Accuracy: 0.9406910547785547
Iteration: 5, Accuracy: 0.938188172938173
Iteration: 6, Accuracy: 0.9477725704850705
Iteration: 7, Accuracy: 0.9487566974691974
Iteration: 8, Accuracy: 0.943836797924298
Iteration: 9, Accuracy: 0.9461045926295926
Iteration: 10, Accuracy: 0.9475067057942058
Iteration: 11, Accuracy: 0.9476756118881119
Iteration: 12, Accuracy: 0.9507626665001665
Iteration: 13, Accuracy: 0.9481919289044289
Iteration: 14, Accuracy: 0.9457689047064047
Iteration: 15, Accuracy: 0.9491280427905429
Iteration: 16, Accuracy: 0.9523621003996005
Iteration: 17, Accuracy: 0.9538605394605395
Iteration: 18, Accuracy: 0.9508740953490954
Iteration: 19, Accuracy: 0.9547008644133644
Iteration: 20, Accuracy: 0.9557486999112
