Training.....
Dataset: ocr
Q_1c
Experiment: unary
Iteration: 1, Accuracy: 0.7473190281496991
Iteration: 2, Accuracy: 0.8444632000941905
Iteration: 3, Accuracy: 0.8777500321829395
Iteration: 4, Accuracy: 0.8813061938061939
Iteration: 5, Accuracy: 0.9003056847306048
Iteration: 6, Accuracy: 0.9061196258480605
Iteration: 7, Accuracy: 0.9103264147992584
Iteration: 8, Accuracy: 0.9180264490568004
Iteration: 9, Accuracy: 0.9103703139246271
Iteration: 10, Accuracy: 0.9210587601961403
Iteration: 11, Accuracy: 0.9298545792156017
Iteration: 12, Accuracy: 0.9327034697641728
Iteration: 13, Accuracy: 0.9274006123447018
Iteration: 14, Accuracy: 0.9298793148633404
Iteration: 15, Accuracy: 0.9277659197387634
Iteration: 16, Accuracy: 0.9204855980015725
Iteration: 17, Accuracy: 0.9314620062223896
Iteration: 18, Accuracy: 0.9296697001968569
Iteration: 19, Accuracy: 0.9285336512972298
Iteration: 20, Accuracy: 0.9339721026222623
Experiment: unary+pairwise
Iteration: 1, Accuracy: 0.7622198222437839
Iteration: 2, Accuracy: 0.8711209716800771
Iteration: 3, Accuracy: 0.9088520771028759
Iteration: 4, Accuracy: 0.9172557829107348
Iteration: 5, Accuracy: 0.9224139234921984
Iteration: 6, Accuracy: 0.9339685607257493
Iteration: 7, Accuracy: 0.9389446770836547
Iteration: 8, Accuracy: 0.9362452111254028
Iteration: 9, Accuracy: 0.951698864678098
Iteration: 10, Accuracy: 0.9503412278172662
Iteration: 11, Accuracy: 0.9553024673232341
Iteration: 12, Accuracy: 0.951846063946703
Iteration: 13, Accuracy: 0.9571737190746775
Iteration: 14, Accuracy: 0.9521636865087344
Iteration: 15, Accuracy: 0.9575453167705564
Iteration: 16, Accuracy: 0.9665524970237431
Iteration: 17, Accuracy: 0.9598064963080938
Iteration: 18, Accuracy: 0.958894185331885
Iteration: 19, Accuracy: 0.9664459386903477
Iteration: 20, Accuracy: 0.9708404658883892
Experiment: unary+pairwise+triples
Iteration: 1, Accuracy: 0.7770898652288429
Iteration: 2, Accuracy: 0.881013736884344
Iteration: 3, Accuracy: 0.9313378580950467
Iteration: 4, Accuracy: 0.9375521576400171
Iteration: 5, Accuracy: 0.9421190320151981
Iteration: 6, Accuracy: 0.9460465918533012
Iteration: 7, Accuracy: 0.9550032812413004
Iteration: 8, Accuracy: 0.9569238978983388
Iteration: 9, Accuracy: 0.9572865100820374
Iteration: 10, Accuracy: 0.9696204310421562
Iteration: 11, Accuracy: 0.9641302077404313
Iteration: 12, Accuracy: 0.9601317878075066
Iteration: 13, Accuracy: 0.9723606930875303
Iteration: 14, Accuracy: 0.9660934424113338
Iteration: 15, Accuracy: 0.9672221016470218
Iteration: 16, Accuracy: 0.96906481874533
Iteration: 17, Accuracy: 0.9793301391544202
Iteration: 18, Accuracy: 0.970682835978363
Iteration: 19, Accuracy: 0.9714023507553858
Iteration: 20, Accuracy: 0.9626134071820973
Experiment: unary+pairwise+triples+quadruples
Iteration: 1, Accuracy: 0.7873845315139245
Iteration: 2, Accuracy: 0.8965481536567799
Iteration: 3, Accuracy: 0.9157179703505582
Iteration: 4, Accuracy: 0.941153659084969
Iteration: 5, Accuracy: 0.943307225256107
Iteration: 6, Accuracy: 0.9457372854337711
Iteration: 7, Accuracy: 0.9520046336340267
Iteration: 8, Accuracy: 0.957346066251817
Iteration: 9, Accuracy: 0.9473349467359051
Iteration: 10, Accuracy: 0.965119921789251
Iteration: 11, Accuracy: 0.9724415095022123
Iteration: 12, Accuracy: 0.9646175443300045
Iteration: 13, Accuracy: 0.9720860919343347
Iteration: 14, Accuracy: 0.9702403338585447
Iteration: 15, Accuracy: 0.9647298432841563
Iteration: 16, Accuracy: 0.9733081836516341
Iteration: 17, Accuracy: 0.9601498829533973
Iteration: 18, Accuracy: 0.9827714883625426
Iteration: 19, Accuracy: 0.9678198930994458
Iteration: 20, Accuracy: 0.9679887560079254
Q_1d
Experiment: R=1
Iteration: 1, Accuracy: 0.7354761851566963
Iteration: 2, Accuracy: 0.8177101475024797
Iteration: 3, Accuracy: 0.8468636971831861
Iteration: 4, Accuracy: 0.857195790542436
Iteration: 5, Accuracy: 0.8510184171526023
Iteration: 6, Accuracy: 0.8772365148163871
Iteration: 7, Accuracy: 0.8722352549828588
Iteration: 8, Accuracy: 0.8902268258897652
Iteration: 9, Accuracy: 0.8777089036274341
Iteration: 10, Accuracy: 0.9110909635270658
Iteration: 11, Accuracy: 0.8895211595291467
Iteration: 12, Accuracy: 0.8921897369581075
Iteration: 13, Accuracy: 0.8791689363174986
Iteration: 14, Accuracy: 0.8920741753808845
Iteration: 15, Accuracy: 0.8821767157230418
Iteration: 16, Accuracy: 0.8991313133086295
Iteration: 17, Accuracy: 0.8956296410369892
Iteration: 18, Accuracy: 0.9117322507098864
Iteration: 19, Accuracy: 0.9014381252400421
Iteration: 20, Accuracy: 0.9058489300901442
Experiment: R=5
Iteration: 1, Accuracy: 0.7507689195788237
Iteration: 2, Accuracy: 0.8358268284785857
Iteration: 3, Accuracy: 0.8706218391122545
Iteration: 4, Accuracy: 0.8783387982269771
Iteration: 5, Accuracy: 0.88811634762114
Iteration: 6, Accuracy: 0.9124828446314068
Iteration: 7, Accuracy: 0.9003629313533468
Iteration: 8, Accuracy: 0.9119551330813314
Iteration: 9, Accuracy: 0.9154797988663802
Iteration: 10, Accuracy: 0.9077282807714117
Iteration: 11, Accuracy: 0.918027428730304
Iteration: 12, Accuracy: 0.9301213252491207
Iteration: 13, Accuracy: 0.9334203026295678
Iteration: 14, Accuracy: 0.9050102852419146
Iteration: 15, Accuracy: 0.9233372990162129
Iteration: 16, Accuracy: 0.9119676826545837
Iteration: 17, Accuracy: 0.9158215985292663
Iteration: 18, Accuracy: 0.9239504372092231
Iteration: 19, Accuracy: 0.9352021070870911
Iteration: 20, Accuracy: 0.932581258819278
Experiment: R=10
Iteration: 1, Accuracy: 0.7435109175524511
Iteration: 2, Accuracy: 0.8404973443312101
Iteration: 3, Accuracy: 0.8814653885340786
Iteration: 4, Accuracy: 0.8809717084477466
Iteration: 5, Accuracy: 0.8900187184132871
Iteration: 6, Accuracy: 0.9074424554855864
Iteration: 7, Accuracy: 0.9202029599793179
Iteration: 8, Accuracy: 0.9109583263736619
Iteration: 9, Accuracy: 0.9124723253317504
Iteration: 10, Accuracy: 0.9161025520450441
Iteration: 11, Accuracy: 0.9261049786209531
Iteration: 12, Accuracy: 0.9211724865478861
Iteration: 13, Accuracy: 0.9231826790532861
Iteration: 14, Accuracy: 0.9120100790228585
Iteration: 15, Accuracy: 0.9331649270147675
Iteration: 16, Accuracy: 0.9324225251142185
Iteration: 17, Accuracy: 0.9290291976394213
Iteration: 18, Accuracy: 0.9332408273302841
Iteration: 19, Accuracy: 0.9249961566654857
Iteration: 20, Accuracy: 0.9325159088338003
Experiment: R=20
Iteration: 1, Accuracy: 0.7507021510615761
Iteration: 2, Accuracy: 0.8468256760988391
Iteration: 3, Accuracy: 0.8789096686061543
Iteration: 4, Accuracy: 0.8953469320881463
Iteration: 5, Accuracy: 0.9072857564870344
Iteration: 6, Accuracy: 0.9155806564752252
Iteration: 7, Accuracy: 0.9133794542340868
Iteration: 8, Accuracy: 0.9171388293992127
Iteration: 9, Accuracy: 0.9121826655772342
Iteration: 10, Accuracy: 0.9193038280498345
Iteration: 11, Accuracy: 0.9242885043603893
Iteration: 12, Accuracy: 0.9240518223345698
Iteration: 13, Accuracy: 0.9309351635230229
Iteration: 14, Accuracy: 0.9337573723755833
Iteration: 15, Accuracy: 0.9119088667810713
Iteration: 16, Accuracy: 0.9228903462529661
Iteration: 17, Accuracy: 0.9285830959952367
Iteration: 18, Accuracy: 0.9369479694958928
Iteration: 19, Accuracy: 0.9435460217808461
Iteration: 20, Accuracy: 0.929644778366823
